Using pre-set license
Built from '2021.1/staging' branch; Version is '2021.1.3f1 (4bef613afd59) revision 4976481'; Using compiler version '192528614'; Build Type 'Release'
OS: 'Windows 10 Pro; OS build 19042.985; Version 2009; 64bit' Language: 'en' Physical Memory: 16334 MB
BatchMode: 1, IsHumanControllingUs: 0, StartBugReporterOnCrash: 0, Is64bit: 1, IsPro: 0

 COMMAND LINE ARGUMENTS:
C:\Program Files\Unity\Hub\Editor\2021.1.3f1\Editor\Unity.exe
-adb2
-batchMode
-noUpm
-name
AssetImportWorker0
-projectPath
C:/Users/vande/Documents/Unity Projects/MYDUNGEONGENERATION/3D Generation Game
-logFile
Logs/AssetImportWorker0.log
-srvPort
59382
Successfully changed project path to: C:/Users/vande/Documents/Unity Projects/MYDUNGEONGENERATION/3D Generation Game
C:/Users/vande/Documents/Unity Projects/MYDUNGEONGENERATION/3D Generation Game
Using Asset Import Pipeline V2.
Refreshing native plugins compatible for Editor in 70.53 ms, found 1 plugins.
Preloading 0 native plugins for Editor in 0.00 ms.
Initialize engine version: 2021.1.3f1 (4bef613afd59)
[Subsystems] Discovering subsystems at path C:/Program Files/Unity/Hub/Editor/2021.1.3f1/Editor/Data/Resources/UnitySubsystems
[Subsystems] Discovering subsystems at path C:/Users/vande/Documents/Unity Projects/MYDUNGEONGENERATION/3D Generation Game/Assets
GfxDevice: creating device client; threaded=0; jobified=0
Direct3D:
    Version:  Direct3D 11.0 [level 11.1]
    Renderer: AMD Radeon RX 5700 XT (ID=0x731f)
    Vendor:   ATI
    VRAM:     8151 MB
    Driver:   27.20.21002.112
Initialize mono
Mono path[0] = 'C:/Program Files/Unity/Hub/Editor/2021.1.3f1/Editor/Data/Managed'
Mono path[1] = 'C:/Program Files/Unity/Hub/Editor/2021.1.3f1/Editor/Data/MonoBleedingEdge/lib/mono/unityjit'
Mono config path = 'C:/Program Files/Unity/Hub/Editor/2021.1.3f1/Editor/Data/MonoBleedingEdge/etc'
Using monoOptions --debugger-agent=transport=dt_socket,embedding=1,server=y,suspend=n,address=127.0.0.1:56516
Begin MonoManager ReloadAssembly
Registering precompiled unity dll's ...
Register platform support module: C:/Program Files/Unity/Hub/Editor/2021.1.3f1/Editor/Data/PlaybackEngines/WindowsStandaloneSupport/UnityEditor.WindowsStandalone.Extensions.dll
Registered in 0.001688 seconds.
Native extension for WindowsStandalone target not found
Refreshing native plugins compatible for Editor in 72.63 ms, found 1 plugins.
Preloading 0 native plugins for Editor in 0.00 ms.
Mono: successfully reloaded assembly
- Completed reload, in  1.015 seconds
Platform modules already initialized, skipping
Registering precompiled user dll's ...
Registered in 0.002962 seconds.
Begin MonoManager ReloadAssembly
Native extension for WindowsStandalone target not found
Refreshing native plugins compatible for Editor in 0.56 ms, found 1 plugins.
Preloading 0 native plugins for Editor in 0.00 ms.
Mono: successfully reloaded assembly
- Completed reload, in  0.803 seconds
Platform modules already initialized, skipping
========================================================================
Worker process is ready to serve import requests
Launched and connected shader compiler UnityShaderCompiler.exe after 0.03 seconds
Refreshing native plugins compatible for Editor in 0.84 ms, found 1 plugins.
Preloading 0 native plugins for Editor in 0.00 ms.
Unloading 2675 Unused Serialized files (Serialized files now loaded: 0)
System memory in use before: 101.2 MB.
System memory in use after: 101.3 MB.

Unloading 15 unused Assets to reduce memory usage. Loaded Objects now: 3133.
Total: 1.850200 ms (FindLiveObjects: 0.317400 ms CreateObjectMapping: 0.072800 ms MarkObjects: 1.403800 ms  DeleteObjects: 0.055200 ms)

========================================================================
Received Import Request.
  path: Assets/Zombie
  artifactKey: Guid(ad9c692d6e37f154fa66c6b8607ffc5d) Importer(815301076,1909f56bfc062723c751e8b465ee728b)
Start importing Assets/Zombie using Guid(ad9c692d6e37f154fa66c6b8607ffc5d) Importer(815301076,1909f56bfc062723c751e8b465ee728b)  -> (artifact id: '86ca60b59cd649f910f500df218b5322') in 0.005355 seconds 
========================================================================
Received Prepare
Registering precompiled user dll's ...
Registered in 0.002493 seconds.
Begin MonoManager ReloadAssembly
Native extension for WindowsStandalone target not found
Refreshing native plugins compatible for Editor in 0.57 ms, found 1 plugins.
Preloading 0 native plugins for Editor in 0.00 ms.
Mono: successfully reloaded assembly
- Completed reload, in  0.730 seconds
Platform modules already initialized, skipping
Refreshing native plugins compatible for Editor in 0.56 ms, found 1 plugins.
Preloading 0 native plugins for Editor in 0.00 ms.
Unloading 2668 Unused Serialized files (Serialized files now loaded: 0)
System memory in use before: 100.9 MB.
System memory in use after: 101.1 MB.

Unloading 10 unused Assets to reduce memory usage. Loaded Objects now: 3136.
Total: 1.753200 ms (FindLiveObjects: 0.259600 ms CreateObjectMapping: 0.065500 ms MarkObjects: 1.384800 ms  DeleteObjects: 0.042300 ms)

========================================================================
Received Import Request.
  Time since last request: 28.649437 seconds.
  path: Assets/Prefabs/BETTER ROOMS/Path.mat
  artifactKey: Guid(89dcb97e6a9399d4b916165d9ac0c1d3) Importer(815301076,1909f56bfc062723c751e8b465ee728b)
Start importing Assets/Prefabs/BETTER ROOMS/Path.mat using Guid(89dcb97e6a9399d4b916165d9ac0c1d3) Importer(815301076,1909f56bfc062723c751e8b465ee728b)  -> (artifact id: '78aa0d2adb94abb4d1763243c72529dc') in 0.090539 seconds 
========================================================================
Received Import Request.
  Time since last request: 6.633083 seconds.
  path: Assets/Prefabs/BETTER ROOMS/Hall.prefab
  artifactKey: Guid(69acf0b09517eba4597653e92b789a92) Importer(815301076,1909f56bfc062723c751e8b465ee728b)
Start importing Assets/Prefabs/BETTER ROOMS/Hall.prefab using Guid(69acf0b09517eba4597653e92b789a92) Importer(815301076,1909f56bfc062723c751e8b465ee728b)  -> (artifact id: '500d97a99f2cdc759c44b2f108f90930') in 0.020954 seconds 
========================================================================
Received Import Request.
  Time since last request: 44.995859 seconds.
  path: Assets/Prefabs/BETTER ROOMS/Path.mat
  artifactKey: Guid(89dcb97e6a9399d4b916165d9ac0c1d3) Importer(815301076,1909f56bfc062723c751e8b465ee728b)
Start importing Assets/Prefabs/BETTER ROOMS/Path.mat using Guid(89dcb97e6a9399d4b916165d9ac0c1d3) Importer(815301076,1909f56bfc062723c751e8b465ee728b)  -> (artifact id: '4adebd1eb5b2306a1871706d30e2f10c') in 0.012045 seconds 
========================================================================
Received Import Request.
  Time since last request: 5.598737 seconds.
  path: Assets/Prefabs/BETTER ROOMS/Hall.prefab
  artifactKey: Guid(69acf0b09517eba4597653e92b789a92) Importer(815301076,1909f56bfc062723c751e8b465ee728b)
Start importing Assets/Prefabs/BETTER ROOMS/Hall.prefab using Guid(69acf0b09517eba4597653e92b789a92) Importer(815301076,1909f56bfc062723c751e8b465ee728b)  -> (artifact id: '8bd60c566d87e7060ff2436220d4df1a') in 0.011175 seconds 
========================================================================
Received Import Request.
  Time since last request: 30.664027 seconds.
  path: Assets/Prefabs/BETTER ROOMS/Floor.prefab
  artifactKey: Guid(f77bf3ca879486c4db7312ae84372ff3) Importer(815301076,1909f56bfc062723c751e8b465ee728b)
Start importing Assets/Prefabs/BETTER ROOMS/Floor.prefab using Guid(f77bf3ca879486c4db7312ae84372ff3) Importer(815301076,1909f56bfc062723c751e8b465ee728b)  -> (artifact id: 'c89e4d69b24bb58776e62014ef225fda') in 0.012182 seconds 
========================================================================
Received Import Request.
  Time since last request: 8.889568 seconds.
  path: Assets/Prefabs/BETTER ROOMS/Path 1.mat
  artifactKey: Guid(733876844ac06a04391b1e18cf503007) Importer(815301076,1909f56bfc062723c751e8b465ee728b)
Start importing Assets/Prefabs/BETTER ROOMS/Path 1.mat using Guid(733876844ac06a04391b1e18cf503007) Importer(815301076,1909f56bfc062723c751e8b465ee728b)  -> (artifact id: '4127982f7c95106dd60c7f1a8ebe1165') in 0.011939 seconds 
========================================================================
Received Import Request.
  Time since last request: 36.059109 seconds.
  path: Assets/Prefabs/BETTER ROOMS/Wall2.prefab
  artifactKey: Guid(66916018a8547834681659fecd04dc9c) Importer(815301076,1909f56bfc062723c751e8b465ee728b)
Start importing Assets/Prefabs/BETTER ROOMS/Wall2.prefab using Guid(66916018a8547834681659fecd04dc9c) Importer(815301076,1909f56bfc062723c751e8b465ee728b)  -> (artifact id: '560191d68743ae09c7492cd540a372e4') in 0.011358 seconds 
========================================================================
Received Prepare
Registering precompiled user dll's ...
Registered in 0.002505 seconds.
Begin MonoManager ReloadAssembly
Native extension for WindowsStandalone target not found
Refreshing native plugins compatible for Editor in 0.53 ms, found 1 plugins.
Preloading 0 native plugins for Editor in 0.00 ms.
Mono: successfully reloaded assembly
- Completed reload, in  0.731 seconds
Platform modules already initialized, skipping
Refreshing native plugins compatible for Editor in 0.51 ms, found 1 plugins.
Preloading 0 native plugins for Editor in 0.00 ms.
Unloading 2668 Unused Serialized files (Serialized files now loaded: 0)
System memory in use before: 104.9 MB.
System memory in use after: 105.0 MB.

Unloading 10 unused Assets to reduce memory usage. Loaded Objects now: 3180.
Total: 1.867700 ms (FindLiveObjects: 0.306700 ms CreateObjectMapping: 0.077800 ms MarkObjects: 1.444500 ms  DeleteObjects: 0.037400 ms)

========================================================================
Received Prepare
Registering precompiled user dll's ...
Registered in 0.002515 seconds.
Begin MonoManager ReloadAssembly
Native extension for WindowsStandalone target not found
Refreshing native plugins compatible for Editor in 0.52 ms, found 1 plugins.
Preloading 0 native plugins for Editor in 0.00 ms.
Mono: successfully reloaded assembly
- Completed reload, in  0.733 seconds
Platform modules already initialized, skipping
Refreshing native plugins compatible for Editor in 0.62 ms, found 1 plugins.
Preloading 0 native plugins for Editor in 0.00 ms.
Unloading 2668 Unused Serialized files (Serialized files now loaded: 0)
System memory in use before: 104.9 MB.
System memory in use after: 105.1 MB.

Unloading 10 unused Assets to reduce memory usage. Loaded Objects now: 3183.
Total: 1.871400 ms (FindLiveObjects: 0.339900 ms CreateObjectMapping: 0.066200 ms MarkObjects: 1.424700 ms  DeleteObjects: 0.039100 ms)

========================================================================
Received Prepare
Registering precompiled user dll's ...
Registered in 0.002598 seconds.
Begin MonoManager ReloadAssembly
Native extension for WindowsStandalone target not found
Refreshing native plugins compatible for Editor in 0.68 ms, found 1 plugins.
Preloading 0 native plugins for Editor in 0.00 ms.
Mono: successfully reloaded assembly
- Completed reload, in  0.746 seconds
Platform modules already initialized, skipping
Refreshing native plugins compatible for Editor in 0.67 ms, found 1 plugins.
Preloading 0 native plugins for Editor in 0.00 ms.
Unloading 2668 Unused Serialized files (Serialized files now loaded: 0)
System memory in use before: 104.9 MB.
System memory in use after: 105.1 MB.

Unloading 10 unused Assets to reduce memory usage. Loaded Objects now: 3186.
Total: 1.871200 ms (FindLiveObjects: 0.291700 ms CreateObjectMapping: 0.071600 ms MarkObjects: 1.463000 ms  DeleteObjects: 0.043800 ms)

========================================================================
Received Import Request.
  Time since last request: 545.357498 seconds.
  path: Assets/Character/KBH_Skel Variant.prefab
  artifactKey: Guid(a1a685ca1676ceb42a34f37b57a505f9) Importer(815301076,1909f56bfc062723c751e8b465ee728b)
Start importing Assets/Character/KBH_Skel Variant.prefab using Guid(a1a685ca1676ceb42a34f37b57a505f9) Importer(815301076,1909f56bfc062723c751e8b465ee728b)  -> (artifact id: '3d9856aaaeb700b9adfe5eaff090e751') in 0.087606 seconds 
========================================================================
Received Import Request.
  Time since last request: 5.535531 seconds.
  path: Assets/Character/KBH_Skel Variant.prefab
  artifactKey: Guid(a1a685ca1676ceb42a34f37b57a505f9) Importer(815301076,1909f56bfc062723c751e8b465ee728b)
Start importing Assets/Character/KBH_Skel Variant.prefab using Guid(a1a685ca1676ceb42a34f37b57a505f9) Importer(815301076,1909f56bfc062723c751e8b465ee728b)  -> (artifact id: '03784448bbd0f12f3862517c1c0ba650') in 0.026396 seconds 
========================================================================
Received Import Request.
  Time since last request: 2.176883 seconds.
  path: Assets/Character/KBH_Skel Variant.prefab
  artifactKey: Guid(a1a685ca1676ceb42a34f37b57a505f9) Importer(815301076,1909f56bfc062723c751e8b465ee728b)
Start importing Assets/Character/KBH_Skel Variant.prefab using Guid(a1a685ca1676ceb42a34f37b57a505f9) Importer(815301076,1909f56bfc062723c751e8b465ee728b)  -> (artifact id: '6a0132246d7b08d02e098a7f94c61463') in 0.024492 seconds 
========================================================================
Received Import Request.
  Time since last request: 19.754827 seconds.
  path: Assets/Zombie/Prefabs/Zombie3.prefab
  artifactKey: Guid(06cb2b131fe009c47a523671a8fa9ed8) Importer(815301076,1909f56bfc062723c751e8b465ee728b)
Start importing Assets/Zombie/Prefabs/Zombie3.prefab using Guid(06cb2b131fe009c47a523671a8fa9ed8) Importer(815301076,1909f56bfc062723c751e8b465ee728b)  -> (artifact id: '60310c3b76383820e7ae37d6557dc3ab') in 0.065325 seconds 
========================================================================
Received Import Request.
  Time since last request: 1.535552 seconds.
  path: Assets/Zombie/Prefabs/Zombie3.prefab
  artifactKey: Guid(06cb2b131fe009c47a523671a8fa9ed8) Importer(815301076,1909f56bfc062723c751e8b465ee728b)
Start importing Assets/Zombie/Prefabs/Zombie3.prefab using Guid(06cb2b131fe009c47a523671a8fa9ed8) Importer(815301076,1909f56bfc062723c751e8b465ee728b)  -> (artifact id: '004db8b892d551287500bc55e4d3df0d') in 0.065121 seconds 
========================================================================
Received Import Request.
  Time since last request: 0.734725 seconds.
  path: Assets/Zombie/Prefabs/Zombie3.prefab
  artifactKey: Guid(06cb2b131fe009c47a523671a8fa9ed8) Importer(815301076,1909f56bfc062723c751e8b465ee728b)
Start importing Assets/Zombie/Prefabs/Zombie3.prefab using Guid(06cb2b131fe009c47a523671a8fa9ed8) Importer(815301076,1909f56bfc062723c751e8b465ee728b)  -> (artifact id: '33bcf03f65d5c8b1e15ec97180d22e9e') in 0.064155 seconds 
========================================================================
Received Prepare
Registering precompiled user dll's ...
Registered in 0.002530 seconds.
Begin MonoManager ReloadAssembly
Native extension for WindowsStandalone target not found
Refreshing native plugins compatible for Editor in 0.59 ms, found 1 plugins.
Preloading 0 native plugins for Editor in 0.00 ms.
Mono: successfully reloaded assembly
- Completed reload, in  0.772 seconds
Platform modules already initialized, skipping
Refreshing native plugins compatible for Editor in 0.68 ms, found 1 plugins.
Preloading 0 native plugins for Editor in 0.00 ms.
Unloading 2668 Unused Serialized files (Serialized files now loaded: 0)
System memory in use before: 118.8 MB.
System memory in use after: 119.0 MB.

Unloading 10 unused Assets to reduce memory usage. Loaded Objects now: 3191.
Total: 1.943600 ms (FindLiveObjects: 0.306300 ms CreateObjectMapping: 0.069500 ms MarkObjects: 1.523700 ms  DeleteObjects: 0.043300 ms)

========================================================================
Received Prepare
Registering precompiled user dll's ...
Registered in 0.002491 seconds.
Begin MonoManager ReloadAssembly
Native extension for WindowsStandalone target not found
Refreshing native plugins compatible for Editor in 0.51 ms, found 1 plugins.
Preloading 0 native plugins for Editor in 0.00 ms.
Mono: successfully reloaded assembly
- Completed reload, in  0.744 seconds
Platform modules already initialized, skipping
Refreshing native plugins compatible for Editor in 0.50 ms, found 1 plugins.
Preloading 0 native plugins for Editor in 0.00 ms.
Unloading 2668 Unused Serialized files (Serialized files now loaded: 0)
System memory in use before: 118.8 MB.
System memory in use after: 119.0 MB.

Unloading 10 unused Assets to reduce memory usage. Loaded Objects now: 3194.
Total: 2.004000 ms (FindLiveObjects: 0.296900 ms CreateObjectMapping: 0.067800 ms MarkObjects: 1.589700 ms  DeleteObjects: 0.048800 ms)

========================================================================
Received Import Request.
  Time since last request: 58.624152 seconds.
  path: Assets/Zombie/Prefabs/Zombie2.prefab
  artifactKey: Guid(d58be77cba3adf54cb14b15052b86514) Importer(815301076,1909f56bfc062723c751e8b465ee728b)
Start importing Assets/Zombie/Prefabs/Zombie2.prefab using Guid(d58be77cba3adf54cb14b15052b86514) Importer(815301076,1909f56bfc062723c751e8b465ee728b)  -> (artifact id: '4bb612a26949255fa4ad5be6d84f12a1') in 0.105179 seconds 
========================================================================
Received Import Request.
  Time since last request: 0.010532 seconds.
  path: Assets/Zombie/Prefabs/Zombie2.prefab
  artifactKey: Guid(d58be77cba3adf54cb14b15052b86514) Importer(815301076,1909f56bfc062723c751e8b465ee728b)
Start importing Assets/Zombie/Prefabs/Zombie2.prefab using Guid(d58be77cba3adf54cb14b15052b86514) Importer(815301076,1909f56bfc062723c751e8b465ee728b)  -> (artifact id: '6ff41b8bc7574810028a2737e78de8f2') in 0.062874 seconds 
========================================================================
Received Import Request.
  Time since last request: 0.931146 seconds.
  path: Assets/Zombie/Prefabs/Zombie2.prefab
  artifactKey: Guid(d58be77cba3adf54cb14b15052b86514) Importer(815301076,1909f56bfc062723c751e8b465ee728b)
Start importing Assets/Zombie/Prefabs/Zombie2.prefab using Guid(d58be77cba3adf54cb14b15052b86514) Importer(815301076,1909f56bfc062723c751e8b465ee728b)  -> (artifact id: '60731166452a618f63c99bb751a2f47c') in 0.062786 seconds 
========================================================================
Received Prepare
Registering precompiled user dll's ...
Registered in 0.002821 seconds.
Begin MonoManager ReloadAssembly
Native extension for WindowsStandalone target not found
Refreshing native plugins compatible for Editor in 0.56 ms, found 1 plugins.
Preloading 0 native plugins for Editor in 0.00 ms.
Mono: successfully reloaded assembly
- Completed reload, in  0.774 seconds
Platform modules already initialized, skipping
Refreshing native plugins compatible for Editor in 0.53 ms, found 1 plugins.
Preloading 0 native plugins for Editor in 0.00 ms.
Unloading 2668 Unused Serialized files (Serialized files now loaded: 0)
System memory in use before: 118.8 MB.
System memory in use after: 119.0 MB.

Unloading 10 unused Assets to reduce memory usage. Loaded Objects now: 3198.
Total: 2.030900 ms (FindLiveObjects: 0.319100 ms CreateObjectMapping: 0.073600 ms MarkObjects: 1.598800 ms  DeleteObjects: 0.038400 ms)

========================================================================
Received Prepare
Registering precompiled user dll's ...
Registered in 0.002464 seconds.
Begin MonoManager ReloadAssembly
Native extension for WindowsStandalone target not found
Refreshing native plugins compatible for Editor in 0.52 ms, found 1 plugins.
Preloading 0 native plugins for Editor in 0.00 ms.
Mono: successfully reloaded assembly
- Completed reload, in  0.768 seconds
Platform modules already initialized, skipping
Refreshing native plugins compatible for Editor in 0.51 ms, found 1 plugins.
Preloading 0 native plugins for Editor in 0.00 ms.
Unloading 2668 Unused Serialized files (Serialized files now loaded: 0)
System memory in use before: 118.8 MB.
System memory in use after: 119.0 MB.

Unloading 10 unused Assets to reduce memory usage. Loaded Objects now: 3201.
Total: 2.025700 ms (FindLiveObjects: 0.382500 ms CreateObjectMapping: 0.074600 ms MarkObjects: 1.526600 ms  DeleteObjects: 0.041000 ms)

========================================================================
Received Prepare
Registering precompiled user dll's ...
Registered in 0.002453 seconds.
Begin MonoManager ReloadAssembly
Native extension for WindowsStandalone target not found
Refreshing native plugins compatible for Editor in 0.51 ms, found 1 plugins.
Preloading 0 native plugins for Editor in 0.00 ms.
Mono: successfully reloaded assembly
- Completed reload, in  0.734 seconds
Platform modules already initialized, skipping
Refreshing native plugins compatible for Editor in 0.61 ms, found 1 plugins.
Preloading 0 native plugins for Editor in 0.00 ms.
Unloading 2668 Unused Serialized files (Serialized files now loaded: 0)
System memory in use before: 118.8 MB.
System memory in use after: 119.0 MB.

Unloading 10 unused Assets to reduce memory usage. Loaded Objects now: 3204.
Total: 1.926000 ms (FindLiveObjects: 0.332500 ms CreateObjectMapping: 0.074100 ms MarkObjects: 1.475900 ms  DeleteObjects: 0.042200 ms)

========================================================================
Received Prepare
Registering precompiled user dll's ...
Registered in 0.002631 seconds.
Begin MonoManager ReloadAssembly
Native extension for WindowsStandalone target not found
Refreshing native plugins compatible for Editor in 0.61 ms, found 1 plugins.
Preloading 0 native plugins for Editor in 0.00 ms.
Mono: successfully reloaded assembly
- Completed reload, in  0.762 seconds
Platform modules already initialized, skipping
Refreshing native plugins compatible for Editor in 0.59 ms, found 1 plugins.
Preloading 0 native plugins for Editor in 0.00 ms.
Unloading 2668 Unused Serialized files (Serialized files now loaded: 0)
System memory in use before: 118.8 MB.
System memory in use after: 119.0 MB.

Unloading 10 unused Assets to reduce memory usage. Loaded Objects now: 3207.
Total: 1.990500 ms (FindLiveObjects: 0.252700 ms CreateObjectMapping: 0.061000 ms MarkObjects: 1.624500 ms  DeleteObjects: 0.051500 ms)

========================================================================
Received Prepare
Registering precompiled user dll's ...
Registered in 0.002632 seconds.
Begin MonoManager ReloadAssembly
Native extension for WindowsStandalone target not found
Refreshing native plugins compatible for Editor in 0.60 ms, found 1 plugins.
Preloading 0 native plugins for Editor in 0.00 ms.
Mono: successfully reloaded assembly
- Completed reload, in  0.719 seconds
Platform modules already initialized, skipping
Refreshing native plugins compatible for Editor in 0.50 ms, found 1 plugins.
Preloading 0 native plugins for Editor in 0.00 ms.
Unloading 2668 Unused Serialized files (Serialized files now loaded: 0)
System memory in use before: 118.8 MB.
System memory in use after: 119.0 MB.

Unloading 10 unused Assets to reduce memory usage. Loaded Objects now: 3210.
Total: 1.794000 ms (FindLiveObjects: 0.244700 ms CreateObjectMapping: 0.074800 ms MarkObjects: 1.434900 ms  DeleteObjects: 0.038900 ms)

AssetImportWorkerClient::OnTransportError - code=2 error=End of file
